2004.01.02 18:21 B D:\mail\mail\images\compose\index.jsp <-- ayush \servers\default\default-app\mail\images\compose index.jsp
2004.01.02 18:21 B D:\mail\mail\images\compose\tb_bold_1.gif <-- ayush \servers\default\default-app\mail\images\compose tb_bold_1.gif
2004.01.02 18:21 B D:\mail\mail\images\compose\tb_colhilite_1.gif <-- ayush \servers\default\default-app\mail\images\compose tb_colhilite_1.gif
2004.01.02 18:21 B D:\mail\mail\images\compose\tb_coltext_1.gif <-- ayush \servers\default\default-app\mail\images\compose tb_coltext_1.gif
2004.01.02 18:21 B D:\mail\mail\images\compose\tb_copy_1.gif <-- ayush \servers\default\default-app\mail\images\compose tb_copy_1.gif
2004.01.02 18:21 B D:\mail\mail\images\compose\tb_cut_1.gif <-- ayush \servers\default\default-app\mail\images\compose tb_cut_1.gif
2004.01.02 18:21 B D:\mail\mail\images\compose\tb_fontface_1.gif <-- ayush \servers\default\default-app\mail\images\compose tb_fontface_1.gif
2004.01.02 18:21 B D:\mail\mail\images\compose\tb_fontsize_1.gif <-- ayush \servers\default\default-app\mail\images\compose tb_fontsize_1.gif
2004.01.02 18:21 B D:\mail\mail\images\compose\tb_ileft_1.gif <-- ayush \servers\default\default-app\mail\images\compose tb_ileft_1.gif
2004.01.02 18:21 B D:\mail\mail\images\compose\tb_iright_1.gif <-- ayush \servers\default\default-app\mail\images\compose tb_iright_1.gif
2004.01.02 18:21 B D:\mail\mail\images\compose\tb_italic_1.gif <-- ayush \servers\default\default-app\mail\images\compose tb_italic_1.gif
2004.01.02 18:21 B D:\mail\mail\images\compose\tb_justctr_1.gif <-- ayush \servers\default\default-app\mail\images\compose tb_justctr_1.gif
2004.01.02 18:21 B D:\mail\mail\images\compose\tb_justleft_1.gif <-- ayush \servers\default\default-app\mail\images\compose tb_justleft_1.gif
2004.01.02 18:21 B D:\mail\mail\images\compose\tb_justpd_1.gif <-- ayush \servers\default\default-app\mail\images\compose tb_justpd_1.gif
2004.01.02 18:21 B D:\mail\mail\images\compose\tb_justright_1.gif <-- ayush \servers\default\default-app\mail\images\compose tb_justright_1.gif
2004.01.02 18:21 B D:\mail\mail\images\compose\tb_link_1.gif <-- ayush \servers\default\default-app\mail\images\compose tb_link_1.gif
2004.01.02 18:21 B D:\mail\mail\images\compose\tb_listblt_1.gif <-- ayush \servers\default\default-app\mail\images\compose tb_listblt_1.gif
2004.01.02 18:21 B D:\mail\mail\images\compose\tb_listnum_1.gif <-- ayush \servers\default\default-app\mail\images\compose tb_listnum_1.gif
2004.01.02 18:21 B D:\mail\mail\images\compose\tb_listpd_1.gif <-- ayush \servers\default\default-app\mail\images\compose tb_listpd_1.gif
2004.01.02 18:21 B D:\mail\mail\images\compose\tb_paste_1.gif <-- ayush \servers\default\default-app\mail\images\compose tb_paste_1.gif
2004.01.02 18:21 B D:\mail\mail\images\compose\tb_smiley_1.gif <-- ayush \servers\default\default-app\mail\images\compose tb_smiley_1.gif
2004.01.02 18:21 B D:\mail\mail\images\compose\tb_uline_1.gif <-- ayush \servers\default\default-app\mail\images\compose tb_uline_1.gif
